# JRE version: OpenJDK Runtime Environment (7.0-b32) (build 1.7.0-u80-unofficial-b32)
# Java VM: OpenJDK Server VM (24.80-b11 mixed mode windows-x86 )
Heap
 PSYoungGen      total 29696K, used 21024K [0x36380000, 0x38d80000, 0x4b900000)
  eden space 29184K, 70% used [0x36380000,0x37797a80,0x38000000)
  from space 512K, 87% used [0x380c0000,0x38130900,0x38140000)
  to   space 6912K, 0% used [0x386c0000,0x386c0000,0x38d80000)
 ParOldGen       total 56320K, used 39449K [0x0b900000, 0x0f000000, 0x36380000)
  object space 56320K, 70% used [0x0b900000,0x0df86470,0x0f000000)
 PSPermGen       total 44288K, used 22224K [0x07900000, 0x0a440000, 0x0b900000)
  object space 44288K, 50% used [0x07900000,0x08eb41d0,0x0a440000)
GC Heap History (10 events):
Event: 2111.953 GC heap before
{Heap before GC invocations=26 (full 1):
 PSYoungGen      total 40960K, used 34262K [0x36380000, 0x39580000, 0x4b900000)
  eden space 33792K, 100% used [0x36380000,0x38480000,0x38480000)
  from space 7168K, 6% used [0x38e80000,0x38ef5b98,0x39580000)
  to   space 8704K, 0% used [0x38480000,0x38480000,0x38d00000)
 ParOldGen       total 56320K, used 39449K [0x0b900000, 0x0f000000, 0x36380000)
  object space 56320K, 70% used [0x0b900000,0x0df86470,0x0f000000)
 PSPermGen       total 44288K, used 22179K [0x07900000, 0x0a440000, 0x0b900000)
  object space 44288K, 50% used [0x07900000,0x08ea8cc0,0x0a440000)
Event: 2111.956 GC heap after
Heap after GC invocations=26 (full 1):
 PSYoungGen      total 33280K, used 410K [0x36380000, 0x39400000, 0x4b900000)
  eden space 32768K, 0% used [0x36380000,0x36380000,0x38380000)
  from space 512K, 80% used [0x38480000,0x384e69f0,0x38500000)
  to   space 8448K, 0% used [0x38bc0000,0x38bc0000,0x39400000)
 ParOldGen       total 56320K, used 39449K [0x0b900000, 0x0f000000, 0x36380000)
  object space 56320K, 70% used [0x0b900000,0x0df86470,0x0f000000)
 PSPermGen       total 44288K, used 22179K [0x07900000, 0x0a440000, 0x0b900000)
  object space 44288K, 50% used [0x07900000,0x08ea8cc0,0x0a440000)
}
Event: 2138.323 GC heap before
{Heap before GC invocations=27 (full 1):
 PSYoungGen      total 33280K, used 33178K [0x36380000, 0x39400000, 0x4b900000)
  eden space 32768K, 100% used [0x36380000,0x38380000,0x38380000)
  from space 512K, 80% used [0x38480000,0x384e69f0,0x38500000)
  to   space 8448K, 0% used [0x38bc0000,0x38bc0000,0x39400000)
 ParOldGen       total 56320K, used 39449K [0x0b900000, 0x0f000000, 0x36380000)
  object space 56320K, 70% used [0x0b900000,0x0df86470,0x0f000000)
 PSPermGen       total 44288K, used 22180K [0x07900000, 0x0a440000, 0x0b900000)
  object space 44288K, 50% used [0x07900000,0x08ea9030,0x0a440000)
Event: 2138.325 GC heap after
Heap after GC invocations=27 (full 1):
 PSYoungGen      total 38144K, used 108K [0x36380000, 0x39200000, 0x4b900000)
  eden space 31744K, 0% used [0x36380000,0x36380000,0x38280000)
  from space 6400K, 1% used [0x38bc0000,0x38bdb1a8,0x39200000)
  to   space 7936K, 0% used [0x38280000,0x38280000,0x38a40000)
 ParOldGen       total 56320K, used 39449K [0x0b900000, 0x0f000000, 0x36380000)
  object space 56320K, 70% used [0x0b900000,0x0df86470,0x0f000000)
 PSPermGen       total 44288K, used 22180K [0x07900000, 0x0a440000, 0x0b900000)
  object space 44288K, 50% used [0x07900000,0x08ea9030,0x0a440000)
}
Event: 2163.856 GC heap before
{Heap before GC invocations=28 (full 1):
 PSYoungGen      total 38144K, used 31852K [0x36380000, 0x39200000, 0x4b900000)
  eden space 31744K, 100% used [0x36380000,0x38280000,0x38280000)
  from space 6400K, 1% used [0x38bc0000,0x38bdb1a8,0x39200000)
  to   space 7936K, 0% used [0x38280000,0x38280000,0x38a40000)
 ParOldGen       total 56320K, used 39449K [0x0b900000, 0x0f000000, 0x36380000)
  object space 56320K, 70% used [0x0b900000,0x0df86470,0x0f000000)
 PSPermGen       total 44288K, used 22180K [0x07900000, 0x0a440000, 0x0b900000)
  object space 44288K, 50% used [0x07900000,0x08ea9030,0x0a440000)
Event: 2163.859 GC heap after
Heap after GC invocations=28 (full 1):
 PSYoungGen      total 30976K, used 32K [0x36380000, 0x39080000, 0x4b900000)
  eden space 30720K, 0% used [0x36380000,0x36380000,0x38180000)
  from space 256K, 12% used [0x38280000,0x38288000,0x382c0000)
  to   space 7680K, 0% used [0x38900000,0x38900000,0x39080000)
 ParOldGen       total 56320K, used 39449K [0x0b900000, 0x0f000000, 0x36380000)
  object space 56320K, 70% used [0x0b900000,0x0df86470,0x0f000000)
 PSPermGen       total 44288K, used 22180K [0x07900000, 0x0a440000, 0x0b900000)
  object space 44288K, 50% used [0x07900000,0x08ea9030,0x0a440000)
}
Event: 2188.589 GC heap before
{Heap before GC invocations=29 (full 1):
 PSYoungGen      total 30976K, used 30752K [0x36380000, 0x39080000, 0x4b900000)
  eden space 30720K, 100% used [0x36380000,0x38180000,0x38180000)
  from space 256K, 12% used [0x38280000,0x38288000,0x382c0000)
  to   space 7680K, 0% used [0x38900000,0x38900000,0x39080000)
 ParOldGen       total 56320K, used 39449K [0x0b900000, 0x0f000000, 0x36380000)
  object space 56320K, 70% used [0x0b900000,0x0df86470,0x0f000000)
 PSPermGen       total 44288K, used 22180K [0x07900000, 0x0a440000, 0x0b900000)
  object space 44288K, 50% used [0x07900000,0x08ea9218,0x0a440000)
Event: 2188.591 GC heap after
Heap after GC invocations=29 (full 1):
 PSYoungGen      total 36352K, used 32K [0x36380000, 0x38f40000, 0x4b900000)
  eden space 29952K, 0% used [0x36380000,0x36380000,0x380c0000)
  from space 6400K, 0% used [0x38900000,0x38908000,0x38f40000)
  to   space 7424K, 0% used [0x380c0000,0x380c0000,0x38800000)
 ParOldGen       total 56320K, used 39449K [0x0b900000, 0x0f000000, 0x36380000)
  object space 56320K, 70% used [0x0b900000,0x0df86470,0x0f000000)
 PSPermGen       total 44288K, used 22180K [0x07900000, 0x0a440000, 0x0b900000)
  object space 44288K, 50% used [0x07900000,0x08ea9218,0x0a440000)
}
Event: 2640.426 GC heap before
{Heap before GC invocations=30 (full 1):
 PSYoungGen      total 36352K, used 29984K [0x36380000, 0x38f40000, 0x4b900000)
  eden space 29952K, 100% used [0x36380000,0x380c0000,0x380c0000)
  from space 6400K, 0% used [0x38900000,0x38908000,0x38f40000)
  to   space 7424K, 0% used [0x380c0000,0x380c0000,0x38800000)
 ParOldGen       total 56320K, used 39449K [0x0b900000, 0x0f000000, 0x36380000)
  object space 56320K, 70% used [0x0b900000,0x0df86470,0x0f000000)
 PSPermGen       total 44288K, used 22215K [0x07900000, 0x0a440000, 0x0b900000)
  object space 44288K, 50% used [0x07900000,0x08eb1cf0,0x0a440000)
Event: 2640.431 GC heap after
Heap after GC invocations=30 (full 1):
 PSYoungGen      total 29696K, used 450K [0x36380000, 0x38d80000, 0x4b900000)
  eden space 29184K, 0% used [0x36380000,0x36380000,0x38000000)
  from space 512K, 87% used [0x380c0000,0x38130900,0x38140000)
  to   space 6912K, 0% used [0x386c0000,0x386c0000,0x38d80000)
 ParOldGen       total 56320K, used 39449K [0x0b900000, 0x0f000000, 0x36380000)
  object space 56320K, 70% used [0x0b900000,0x0df86470,0x0f000000)
 PSPermGen       total 44288K, used 22215K [0x07900000, 0x0a440000, 0x0b900000)
  object space 44288K, 50% used [0x07900000,0x08eb1cf0,0x0a440000)
}

